<?xml version="1.0" encoding="UTF-8"?>
<!-- Generated by org.testng.reporters.JUnitReportReporter -->
<testsuite hostname="PF35M749" failures="0" tests="7" name="TestCollection" time="2.947" errors="0" timestamp="2023-03-19T12:36:05 CET" skipped="0">
  <testcase classname="TestCollection" name="loginWithUsernameAndPassword" time="0.206"/>
  <system-out/>
  <testcase classname="TestCollection" name="createNewConnection" time="0.838"/>
  <system-out/>
  <testcase classname="TestCollection" name="loginWithUsernameAndPassword" time="0.365"/>
  <system-out/>
  <testcase classname="TestCollection" name="loginWithCorrectUsernameAndPassword" time="0.211"/>
  <system-out/>
  <testcase classname="TestCollection" name="loginWithUsernameAndPassword" time="0.227"/>
  <system-out/>
  <testcase classname="TestCollection" name="createNewConnectionAndValidateStats" time="0.912"/>
  <system-out/>
  <testcase classname="TestCollection" name="loginWithUsernameAndPassword" time="0.188"/>
  <system-out/>
</testsuite> <!-- TestCollection -->
