<?xml version="1.0" encoding="UTF-8"?>
<!-- Generated by org.testng.reporters.JUnitReportReporter -->
<testsuite hostname="PF35M749" failures="0" tests="8" name="TestCollection" time="3.744" errors="0" timestamp="2023-03-23T21:22:03 CET" skipped="0">
  <testcase classname="TestCollection" name="loginWithUsernameAndPassword" time="0.227"/>
  <system-out/>
  <testcase classname="TestCollection" name="loginWithUsernameAndPassword" time="0.287"/>
  <system-out/>
  <testcase classname="TestCollection" name="createNewConnection" time="0.903"/>
  <system-out/>
  <testcase classname="TestCollection" name="createNewConnectionAndValidateStats" time="1.043"/>
  <system-out/>
  <testcase classname="TestCollection" name="javaScriptTest" time="0.394"/>
  <system-out/>
  <testcase classname="TestCollection" name="loginWithUsernameAndPassword" time="0.277"/>
  <system-out/>
  <testcase classname="TestCollection" name="loginWithCorrectUsernameAndPassword" time="0.289"/>
  <system-out/>
  <testcase classname="TestCollection" name="loginWithUsernameAndPassword" time="0.324"/>
  <system-out/>
</testsuite> <!-- TestCollection -->
