<?xml version="1.0" encoding="UTF-8"?>
<!-- Generated by org.testng.reporters.JUnitReportReporter -->
<testsuite hostname="PF35M749" failures="0" tests="9" name="TestCollection" time="6.724" errors="0" timestamp="2023-03-24T09:54:56 CET" skipped="0">
  <testcase classname="TestCollection" name="loginWithUsernameAndPassword" time="0.650"/>
  <system-out/>
  <testcase classname="TestCollection" name="loginWithUsernameAndPassword" time="0.590"/>
  <system-out/>
  <testcase classname="TestCollection" name="loginWithCorrectUsernameAndPassword" time="0.281"/>
  <system-out/>
  <testcase classname="TestCollection" name="expectedConditionTest" time="1.363"/>
  <system-out/>
  <testcase classname="TestCollection" name="loginWithUsernameAndPassword" time="0.474"/>
  <system-out/>
  <testcase classname="TestCollection" name="javaScriptTest" time="0.459"/>
  <system-out/>
  <testcase classname="TestCollection" name="loginWithUsernameAndPassword" time="0.526"/>
  <system-out/>
  <testcase classname="TestCollection" name="createNewConnectionAndValidateStats" time="1.322"/>
  <system-out/>
  <testcase classname="TestCollection" name="createNewConnection" time="1.059"/>
  <system-out/>
</testsuite> <!-- TestCollection -->
