<?xml version="1.0" encoding="UTF-8"?>
<!-- Generated by org.testng.reporters.JUnitReportReporter -->
<testsuite hostname="PF35M749" failures="0" tests="9" name="TestCollection" time="4.531" errors="0" timestamp="2023-03-23T22:42:02 CET" skipped="0">
  <testcase classname="TestCollection" name="createNewConnectionAndValidateStats" time="0.995"/>
  <system-out/>
  <testcase classname="TestCollection" name="loginWithUsernameAndPassword" time="0.208"/>
  <system-out/>
  <testcase classname="TestCollection" name="loginWithUsernameAndPassword" time="0.199"/>
  <system-out/>
  <testcase classname="TestCollection" name="loginWithUsernameAndPassword" time="0.357"/>
  <system-out/>
  <testcase classname="TestCollection" name="loginWithCorrectUsernameAndPassword" time="0.224"/>
  <system-out/>
  <testcase classname="TestCollection" name="loginWithUsernameAndPassword" time="0.202"/>
  <system-out/>
  <testcase classname="TestCollection" name="javaScriptTest" time="0.372"/>
  <system-out/>
  <testcase classname="TestCollection" name="expectedConditionTest" time="0.905"/>
  <system-out/>
  <testcase classname="TestCollection" name="createNewConnection" time="1.069"/>
  <system-out/>
</testsuite> <!-- TestCollection -->
