<?xml version="1.0" encoding="UTF-8"?>
<!-- Generated by org.testng.reporters.JUnitReportReporter -->
<testsuite hostname="PF35M749" failures="0" tests="10" name="TestCollection" time="4.920" errors="0" timestamp="2023-03-29T14:48:56 CEST" skipped="0">
  <testcase classname="TestCollection" name="loginWithUsernameAndPassword" time="0.244"/>
  <system-out/>
  <testcase classname="TestCollection" name="loginWithUsernameAndPassword" time="0.278"/>
  <system-out/>
  <testcase classname="TestCollection" name="loginWithUsernameAndPassword" time="0.207"/>
  <system-out/>
  <testcase classname="TestCollection" name="loginWithCorrectUsernameAndPassword" time="0.269"/>
  <system-out/>
  <testcase classname="TestCollection" name="expectedConditionTest" time="0.924"/>
  <system-out/>
  <testcase classname="TestCollection" name="loginWithUsernameAndPassword" time="0.211"/>
  <system-out/>
  <testcase classname="TestCollection" name="createNewConnectionAndValidateStats" time="1.068"/>
  <system-out/>
  <testcase classname="TestCollection" name="createNewConnection" time="1.048"/>
  <system-out/>
  <testcase classname="TestCollection" name="javaScriptTest" time="0.372"/>
  <system-out/>
  <testcase classname="TestCollection" name="loginWithUsernameAndPassword" time="0.299"/>
  <system-out/>
</testsuite> <!-- TestCollection -->
